-------------------------------------------------------------------------------
Test set: com.app.startup.MainTest
-------------------------------------------------------------------------------
Tests run: 1, Failures: 1, Errors: 0, Skipped: 0, Time elapsed: 0.037 s <<< FAILURE! - in com.app.startup.MainTest
testUIHasStarted  Time elapsed: 0.035 s  <<< FAILURE!
org.opentest4j.AssertionFailedError: UI did not start correctly. ==> expected: <true> but was: <false>
	at com.app.startup.MainTest.testUIHasStarted(MainTest.java:41)

