<?xml version="1.0" encoding="UTF-8"?>
<testsuite xmlns:xsi="http://www.w3.org/2001/XMLSchema-instance" xsi:noNamespaceSchemaLocation="https://maven.apache.org/surefire/maven-surefire-plugin/xsd/surefire-test-report.xsd" name="com.app.controller.ControllerTest" time="0" tests="4" errors="0" skipped="0" failures="0">
  <properties>
[...]
</properties>
  <testcase name="testEnterItemInvalidItemReturnsNull" classname="com.app.controller.ControllerTest" time="0"/>
  <testcase name="testRequestDiscountAppliesDiscount" classname="com.app.controller.ControllerTest" time="0"/>
  <testcase name="testEnterItemAlreadyInSale" classname="com.app.controller.ControllerTest" time="0"/>
  <testcase name="testStartSaleAndEnterItemValid" classname="com.app.controller.ControllerTest" time="0"/>
</testsuite>